<?xml version="1.0" encoding="UTF-8"?>
<testsuite name="com.example.consumingwebservice.ConsumingWebServiceApplicationTests" tests="1" skipped="0" failures="0" errors="0" timestamp="2020-04-11T22:18:33" hostname="LAPTOP-U7I2LADV" time="3.566">
  <properties/>
  <testcase name="contextLoads()" classname="com.example.consumingwebservice.ConsumingWebServiceApplicationTests" time="3.566"/>
  <system-out><![CDATA[10:18:25.161 [Test worker] DEBUG org.springframework.test.context.BootstrapUtils - Instantiating CacheAwareContextLoaderDelegate from class [org.springframework.test.context.cache.DefaultCacheAwareContextLoaderDelegate]
10:18:25.223 [Test worker] DEBUG org.springframework.test.context.BootstrapUtils - Instantiating BootstrapContext using constructor [public org.springframework.test.context.support.DefaultBootstrapContext(java.lang.Class,org.springframework.test.context.CacheAwareContextLoaderDelegate)]
10:18:25.268 [Test worker] DEBUG org.springframework.test.context.BootstrapUtils - Instantiating TestContextBootstrapper for test class [com.example.consumingwebservice.ConsumingWebServiceApplicationTests] from class [org.springframework.boot.test.context.SpringBootTestContextBootstrapper]
10:18:25.363 [Test worker] INFO org.springframework.boot.test.context.SpringBootTestContextBootstrapper - Neither @ContextConfiguration nor @ContextHierarchy found for test class [com.example.consumingwebservice.ConsumingWebServiceApplicationTests], using SpringBootContextLoader
10:18:25.367 [Test worker] DEBUG org.springframework.test.context.support.AbstractContextLoader - Did not detect default resource location for test class [com.example.consumingwebservice.ConsumingWebServiceApplicationTests]: class path resource [com/example/consumingwebservice/ConsumingWebServiceApplicationTests-context.xml] does not exist
10:18:25.368 [Test worker] DEBUG org.springframework.test.context.support.AbstractContextLoader - Did not detect default resource location for test class [com.example.consumingwebservice.ConsumingWebServiceApplicationTests]: class path resource [com/example/consumingwebservice/ConsumingWebServiceApplicationTestsContext.groovy] does not exist
10:18:25.368 [Test worker] INFO org.springframework.test.context.support.AbstractContextLoader - Could not detect default resource locations for test class [com.example.consumingwebservice.ConsumingWebServiceApplicationTests]: no resource found for suffixes {-context.xml, Context.groovy}.
10:18:25.370 [Test worker] INFO org.springframework.test.context.support.AnnotationConfigContextLoaderUtils - Could not detect default configuration classes for test class [com.example.consumingwebservice.ConsumingWebServiceApplicationTests]: ConsumingWebServiceApplicationTests does not declare any static, non-private, non-final, nested classes annotated with @Configuration.
10:18:25.606 [Test worker] DEBUG org.springframework.test.context.support.ActiveProfilesUtils - Could not find an 'annotation declaring class' for annotation type [org.springframework.test.context.ActiveProfiles] and class [com.example.consumingwebservice.ConsumingWebServiceApplicationTests]
10:18:25.698 [Test worker] DEBUG org.springframework.context.annotation.ClassPathScanningCandidateComponentProvider - Identified candidate component class: file [D:\technology\Interlij_idea\workspace\gs-consuming-web-service-master\initial\build\classes\java\main\com\example\consumingwebservice\ConsumingWebServiceApplication.class]
10:18:25.700 [Test worker] INFO org.springframework.boot.test.context.SpringBootTestContextBootstrapper - Found @SpringBootConfiguration com.example.consumingwebservice.ConsumingWebServiceApplication for test class com.example.consumingwebservice.ConsumingWebServiceApplicationTests
10:18:26.188 [Test worker] DEBUG org.springframework.boot.test.context.SpringBootTestContextBootstrapper - @TestExecutionListeners is not present for class [com.example.consumingwebservice.ConsumingWebServiceApplicationTests]: using defaults.
10:18:26.189 [Test worker] INFO org.springframework.boot.test.context.SpringBootTestContextBootstrapper - Loaded default TestExecutionListener class names from location [META-INF/spring.factories]: [org.springframework.boot.test.autoconfigure.restdocs.RestDocsTestExecutionListener, org.springframework.boot.test.autoconfigure.web.client.MockRestServiceServerResetTestExecutionListener, org.springframework.boot.test.autoconfigure.web.servlet.MockMvcPrintOnlyOnFailureTestExecutionListener, org.springframework.boot.test.autoconfigure.web.servlet.WebDriverTestExecutionListener, org.springframework.boot.test.mock.mockito.MockitoTestExecutionListener, org.springframework.boot.test.mock.mockito.ResetMocksTestExecutionListener, org.springframework.test.context.web.ServletTestExecutionListener, org.springframework.test.context.support.DirtiesContextBeforeModesTestExecutionListener, org.springframework.test.context.support.DependencyInjectionTestExecutionListener, org.springframework.test.context.support.DirtiesContextTestExecutionListener, org.springframework.test.context.transaction.TransactionalTestExecutionListener, org.springframework.test.context.jdbc.SqlScriptsTestExecutionListener, org.springframework.test.context.event.EventPublishingTestExecutionListener]
10:18:26.344 [Test worker] DEBUG org.springframework.boot.test.context.SpringBootTestContextBootstrapper - Skipping candidate TestExecutionListener [org.springframework.test.context.web.ServletTestExecutionListener] due to a missing dependency. Specify custom listener classes or make the default listener classes and their required dependencies available. Offending class: [javax/servlet/ServletContext]
10:18:26.346 [Test worker] DEBUG org.springframework.boot.test.context.SpringBootTestContextBootstrapper - Skipping candidate TestExecutionListener [org.springframework.test.context.transaction.TransactionalTestExecutionListener] due to a missing dependency. Specify custom listener classes or make the default listener classes and their required dependencies available. Offending class: [org/springframework/transaction/interceptor/TransactionAttributeSource]
10:18:26.347 [Test worker] DEBUG org.springframework.boot.test.context.SpringBootTestContextBootstrapper - Skipping candidate TestExecutionListener [org.springframework.test.context.jdbc.SqlScriptsTestExecutionListener] due to a missing dependency. Specify custom listener classes or make the default listener classes and their required dependencies available. Offending class: [org/springframework/transaction/interceptor/TransactionAttribute]
10:18:26.347 [Test worker] INFO org.springframework.boot.test.context.SpringBootTestContextBootstrapper - Using TestExecutionListeners: [org.springframework.test.context.support.DirtiesContextBeforeModesTestExecutionListener@590a0fc7, org.springframework.boot.test.mock.mockito.MockitoTestExecutionListener@65ccb60d, org.springframework.boot.test.autoconfigure.SpringBootDependencyInjectionTestExecutionListener@3a67afe5, org.springframework.test.context.support.DirtiesContextTestExecutionListener@1718239c, org.springframework.test.context.event.EventPublishingTestExecutionListener@1e65628f, org.springframework.boot.test.autoconfigure.restdocs.RestDocsTestExecutionListener@1e19c390, org.springframework.boot.test.autoconfigure.web.client.MockRestServiceServerResetTestExecutionListener@19865f31, org.springframework.boot.test.autoconfigure.web.servlet.MockMvcPrintOnlyOnFailureTestExecutionListener@4f548b5e, org.springframework.boot.test.autoconfigure.web.servlet.WebDriverTestExecutionListener@7a10e921, org.springframework.boot.test.mock.mockito.ResetMocksTestExecutionListener@2ac5a0b0]
10:18:26.352 [Test worker] DEBUG org.springframework.test.context.support.AbstractDirtiesContextTestExecutionListener - Before test class: context [DefaultTestContext@56a155c4 testClass = ConsumingWebServiceApplicationTests, testInstance = [null], testMethod = [null], testException = [null], mergedContextConfiguration = [MergedContextConfiguration@5fe91c3 testClass = ConsumingWebServiceApplicationTests, locations = '{}', classes = '{class com.example.consumingwebservice.ConsumingWebServiceApplication}', contextInitializerClasses = '[]', activeProfiles = '{}', propertySourceLocations = '{}', propertySourceProperties = '{org.springframework.boot.test.context.SpringBootTestContextBootstrapper=true}', contextCustomizers = set[org.springframework.boot.test.autoconfigure.properties.PropertyMappingContextCustomizer@0, org.springframework.boot.test.autoconfigure.web.servlet.WebDriverContextCustomizerFactory$Customizer@3183770c, org.springframework.boot.test.context.filter.ExcludeFilterContextCustomizer@6c958f84, org.springframework.boot.test.json.DuplicateJsonObjectContextCustomizerFactory$DuplicateJsonObjectContextCustomizer@50c6ed34, org.springframework.boot.test.mock.mockito.MockitoContextCustomizer@0, org.springframework.boot.test.web.client.TestRestTemplateContextCustomizer@4978a4a9], contextLoader = 'org.springframework.boot.test.context.SpringBootContextLoader', parent = [null]], attributes = map[[empty]]], class annotated with @DirtiesContext [false] with mode [null].
10:18:26.390 [Test worker] DEBUG org.springframework.test.context.support.DependencyInjectionTestExecutionListener - Performing dependency injection for test context [[DefaultTestContext@56a155c4 testClass = ConsumingWebServiceApplicationTests, testInstance = com.example.consumingwebservice.ConsumingWebServiceApplicationTests@2ab9a340, testMethod = [null], testException = [null], mergedContextConfiguration = [MergedContextConfiguration@5fe91c3 testClass = ConsumingWebServiceApplicationTests, locations = '{}', classes = '{class com.example.consumingwebservice.ConsumingWebServiceApplication}', contextInitializerClasses = '[]', activeProfiles = '{}', propertySourceLocations = '{}', propertySourceProperties = '{org.springframework.boot.test.context.SpringBootTestContextBootstrapper=true}', contextCustomizers = set[org.springframework.boot.test.autoconfigure.properties.PropertyMappingContextCustomizer@0, org.springframework.boot.test.autoconfigure.web.servlet.WebDriverContextCustomizerFactory$Customizer@3183770c, org.springframework.boot.test.context.filter.ExcludeFilterContextCustomizer@6c958f84, org.springframework.boot.test.json.DuplicateJsonObjectContextCustomizerFactory$DuplicateJsonObjectContextCustomizer@50c6ed34, org.springframework.boot.test.mock.mockito.MockitoContextCustomizer@0, org.springframework.boot.test.web.client.TestRestTemplateContextCustomizer@4978a4a9], contextLoader = 'org.springframework.boot.test.context.SpringBootContextLoader', parent = [null]], attributes = map[[empty]]]].
10:18:26.416 [Test worker] DEBUG org.springframework.test.context.support.TestPropertySourceUtils - Adding inlined properties to environment: {spring.jmx.enabled=false, org.springframework.boot.test.context.SpringBootTestContextBootstrapper=true, server.port=-1}

  .   ____          _            __ _ _
 /\\ / ___'_ __ _ _(_)_ __  __ _ \ \ \ \
( ( )\___ | '_ | '_| | '_ \/ _` | \ \ \ \
 \\/  ___)| |_)| | | | | || (_| |  ) ) ) )
  '  |____| .__|_| |_|_| |_\__, | / / / /
 =========|_|==============|___/=/_/_/_/
 :: Spring Boot ::        (v2.2.0.RELEASE)

2020-04-12 10:18:28.178  INFO 12296 --- [    Test worker] .e.c.ConsumingWebServiceApplicationTests : Starting ConsumingWebServiceApplicationTests on LAPTOP-U7I2LADV with PID 12296 (started by lgwen in D:\technology\Interlij_idea\workspace\gs-consuming-web-service-master\initial)
2020-04-12 10:18:28.181  INFO 12296 --- [    Test worker] .e.c.ConsumingWebServiceApplicationTests : No active profile set, falling back to default profiles: default
2020-04-12 10:18:30.195  INFO 12296 --- [    Test worker] o.s.ws.soap.saaj.SaajSoapMessageFactory  : Creating SAAJ 1.3 MessageFactory with SOAP 1.1 Protocol
2020-04-12 10:18:30.729  INFO 12296 --- [    Test worker] .e.c.ConsumingWebServiceApplicationTests : Started ConsumingWebServiceApplicationTests in 4.308 seconds (JVM running for 15.3)
2020-04-12 10:18:30.730  INFO 12296 --- [    Test worker] c.e.consumingwebservice.CountryClient    : Requesting location for Spain
]]></system-out>
  <system-err><![CDATA[EUR
]]></system-err>
</testsuite>
